<?xml version="1.0" encoding="UTF-8"?>
<testsuite xmlns:xsi="http://www.w3.org/2001/XMLSchema-instance" xsi:noNamespaceSchemaLocation="https://maven.apache.org/surefire/maven-surefire-plugin/xsd/surefire-test-report.xsd" version="3.0.2" name="com.example.SiteCercolaFioravante.repository_tests.CustomerRepositoryTest" time="1.986" tests="3" errors="0" skipped="0" failures="0">
  <properties>
    <property name="java.specification.version" value="21"/>
    <property name="sun.jnu.encoding" value="UTF-8"/>
    <property name="java.class.path" value="/home/andrea/IdeaProjects/SiteCercolaFiorvante/target/test-classes:/home/andrea/IdeaProjects/SiteCercolaFiorvante/target/classes:/home/andrea/.m2/repository/org/springframework/boot/spring-boot-starter-data-jpa/3.4.0/spring-boot-starter-data-jpa-3.4.0.jar:/home/andrea/.m2/repository/org/springframework/boot/spring-boot-starter/3.4.0/spring-boot-starter-3.4.0.jar:/home/andrea/.m2/repository/org/springframework/boot/spring-boot/3.4.0/spring-boot-3.4.0.jar:/home/andrea/.m2/repository/org/springframework/boot/spring-boot-autoconfigure/3.4.0/spring-boot-autoconfigure-3.4.0.jar:/home/andrea/.m2/repository/org/springframework/boot/spring-boot-starter-logging/3.4.0/spring-boot-starter-logging-3.4.0.jar:/home/andrea/.m2/repository/ch/qos/logback/logback-classic/1.5.12/logback-classic-1.5.12.jar:/home/andrea/.m2/repository/ch/qos/logback/logback-core/1.5.12/logback-core-1.5.12.jar:/home/andrea/.m2/repository/org/apache/logging/log4j/log4j-to-slf4j/2.24.1/log4j-to-slf4j-2.24.1.jar:/home/andrea/.m2/repository/org/apache/logging/log4j/log4j-api/2.24.1/log4j-api-2.24.1.jar:/home/andrea/.m2/repository/org/slf4j/jul-to-slf4j/2.0.16/jul-to-slf4j-2.0.16.jar:/home/andrea/.m2/repository/jakarta/annotation/jakarta.annotation-api/2.1.1/jakarta.annotation-api-2.1.1.jar:/home/andrea/.m2/repository/org/yaml/snakeyaml/2.3/snakeyaml-2.3.jar:/home/andrea/.m2/repository/org/springframework/boot/spring-boot-starter-jdbc/3.4.0/spring-boot-starter-jdbc-3.4.0.jar:/home/andrea/.m2/repository/com/zaxxer/HikariCP/5.1.0/HikariCP-5.1.0.jar:/home/andrea/.m2/repository/org/springframework/spring-jdbc/6.2.0/spring-jdbc-6.2.0.jar:/home/andrea/.m2/repository/org/hibernate/orm/hibernate-core/6.6.2.Final/hibernate-core-6.6.2.Final.jar:/home/andrea/.m2/repository/jakarta/persistence/jakarta.persistence-api/3.1.0/jakarta.persistence-api-3.1.0.jar:/home/andrea/.m2/repository/jakarta/transaction/jakarta.transaction-api/2.0.1/jakarta.transaction-api-2.0.1.jar:/home/andrea/.m2/repository/org/jboss/logging/jboss-logging/3.6.1.Final/jboss-logging-3.6.1.Final.jar:/home/andrea/.m2/repository/org/hibernate/common/hibernate-commons-annotations/7.0.3.Final/hibernate-commons-annotations-7.0.3.Final.jar:/home/andrea/.m2/repository/io/smallrye/jandex/3.2.0/jandex-3.2.0.jar:/home/andrea/.m2/repository/com/fasterxml/classmate/1.7.0/classmate-1.7.0.jar:/home/andrea/.m2/repository/net/bytebuddy/byte-buddy/1.15.10/byte-buddy-1.15.10.jar:/home/andrea/.m2/repository/org/glassfish/jaxb/jaxb-runtime/4.0.5/jaxb-runtime-4.0.5.jar:/home/andrea/.m2/repository/org/glassfish/jaxb/jaxb-core/4.0.5/jaxb-core-4.0.5.jar:/home/andrea/.m2/repository/org/eclipse/angus/angus-activation/2.0.2/angus-activation-2.0.2.jar:/home/andrea/.m2/repository/org/glassfish/jaxb/txw2/4.0.5/txw2-4.0.5.jar:/home/andrea/.m2/repository/com/sun/istack/istack-commons-runtime/4.1.2/istack-commons-runtime-4.1.2.jar:/home/andrea/.m2/repository/jakarta/inject/jakarta.inject-api/2.0.1/jakarta.inject-api-2.0.1.jar:/home/andrea/.m2/repository/org/antlr/antlr4-runtime/4.13.0/antlr4-runtime-4.13.0.jar:/home/andrea/.m2/repository/org/springframework/data/spring-data-jpa/3.4.0/spring-data-jpa-3.4.0.jar:/home/andrea/.m2/repository/org/springframework/data/spring-data-commons/3.4.0/spring-data-commons-3.4.0.jar:/home/andrea/.m2/repository/org/springframework/spring-orm/6.2.0/spring-orm-6.2.0.jar:/home/andrea/.m2/repository/org/springframework/spring-context/6.2.0/spring-context-6.2.0.jar:/home/andrea/.m2/repository/org/springframework/spring-tx/6.2.0/spring-tx-6.2.0.jar:/home/andrea/.m2/repository/org/springframework/spring-beans/6.2.0/spring-beans-6.2.0.jar:/home/andrea/.m2/repository/org/slf4j/slf4j-api/2.0.16/slf4j-api-2.0.16.jar:/home/andrea/.m2/repository/org/springframework/spring-aspects/6.2.0/spring-aspects-6.2.0.jar:/home/andrea/.m2/repository/org/aspectj/aspectjweaver/1.9.22.1/aspectjweaver-1.9.22.1.jar:/home/andrea/.m2/repository/org/springframework/boot/spring-boot-starter-web/3.4.0/spring-boot-starter-web-3.4.0.jar:/home/andrea/.m2/repository/org/springframework/boot/spring-boot-starter-json/3.4.0/spring-boot-starter-json-3.4.0.jar:/home/andrea/.m2/repository/com/fasterxml/jackson/datatype/jackson-datatype-jdk8/2.18.1/jackson-datatype-jdk8-2.18.1.jar:/home/andrea/.m2/repository/com/fasterxml/jackson/datatype/jackson-datatype-jsr310/2.18.1/jackson-datatype-jsr310-2.18.1.jar:/home/andrea/.m2/repository/com/fasterxml/jackson/module/jackson-module-parameter-names/2.18.1/jackson-module-parameter-names-2.18.1.jar:/home/andrea/.m2/repository/org/springframework/boot/spring-boot-starter-tomcat/3.4.0/spring-boot-starter-tomcat-3.4.0.jar:/home/andrea/.m2/repository/org/apache/tomcat/embed/tomcat-embed-core/10.1.33/tomcat-embed-core-10.1.33.jar:/home/andrea/.m2/repository/org/apache/tomcat/embed/tomcat-embed-el/10.1.33/tomcat-embed-el-10.1.33.jar:/home/andrea/.m2/repository/org/apache/tomcat/embed/tomcat-embed-websocket/10.1.33/tomcat-embed-websocket-10.1.33.jar:/home/andrea/.m2/repository/org/springframework/spring-web/6.2.0/spring-web-6.2.0.jar:/home/andrea/.m2/repository/io/micrometer/micrometer-observation/1.14.1/micrometer-observation-1.14.1.jar:/home/andrea/.m2/repository/io/micrometer/micrometer-commons/1.14.1/micrometer-commons-1.14.1.jar:/home/andrea/.m2/repository/org/springframework/spring-webmvc/6.2.0/spring-webmvc-6.2.0.jar:/home/andrea/.m2/repository/org/springframework/spring-expression/6.2.0/spring-expression-6.2.0.jar:/home/andrea/.m2/repository/org/projectlombok/lombok/1.18.36/lombok-1.18.36.jar:/home/andrea/.m2/repository/org/springframework/boot/spring-boot-starter-test/3.4.0/spring-boot-starter-test-3.4.0.jar:/home/andrea/.m2/repository/org/springframework/boot/spring-boot-test/3.4.0/spring-boot-test-3.4.0.jar:/home/andrea/.m2/repository/org/springframework/boot/spring-boot-test-autoconfigure/3.4.0/spring-boot-test-autoconfigure-3.4.0.jar:/home/andrea/.m2/repository/com/jayway/jsonpath/json-path/2.9.0/json-path-2.9.0.jar:/home/andrea/.m2/repository/jakarta/xml/bind/jakarta.xml.bind-api/4.0.2/jakarta.xml.bind-api-4.0.2.jar:/home/andrea/.m2/repository/jakarta/activation/jakarta.activation-api/2.1.3/jakarta.activation-api-2.1.3.jar:/home/andrea/.m2/repository/net/minidev/json-smart/2.5.1/json-smart-2.5.1.jar:/home/andrea/.m2/repository/net/minidev/accessors-smart/2.5.1/accessors-smart-2.5.1.jar:/home/andrea/.m2/repository/org/ow2/asm/asm/9.6/asm-9.6.jar:/home/andrea/.m2/repository/org/assertj/assertj-core/3.26.3/assertj-core-3.26.3.jar:/home/andrea/.m2/repository/org/awaitility/awaitility/4.2.2/awaitility-4.2.2.jar:/home/andrea/.m2/repository/org/hamcrest/hamcrest/2.2/hamcrest-2.2.jar:/home/andrea/.m2/repository/org/junit/jupiter/junit-jupiter/5.11.3/junit-jupiter-5.11.3.jar:/home/andrea/.m2/repository/org/junit/jupiter/junit-jupiter-api/5.11.3/junit-jupiter-api-5.11.3.jar:/home/andrea/.m2/repository/org/opentest4j/opentest4j/1.3.0/opentest4j-1.3.0.jar:/home/andrea/.m2/repository/org/junit/platform/junit-platform-commons/1.11.3/junit-platform-commons-1.11.3.jar:/home/andrea/.m2/repository/org/apiguardian/apiguardian-api/1.1.2/apiguardian-api-1.1.2.jar:/home/andrea/.m2/repository/org/junit/jupiter/junit-jupiter-params/5.11.3/junit-jupiter-params-5.11.3.jar:/home/andrea/.m2/repository/org/junit/jupiter/junit-jupiter-engine/5.11.3/junit-jupiter-engine-5.11.3.jar:/home/andrea/.m2/repository/org/junit/platform/junit-platform-engine/1.11.3/junit-platform-engine-1.11.3.jar:/home/andrea/.m2/repository/org/mockito/mockito-core/5.14.2/mockito-core-5.14.2.jar:/home/andrea/.m2/repository/net/bytebuddy/byte-buddy-agent/1.15.10/byte-buddy-agent-1.15.10.jar:/home/andrea/.m2/repository/org/objenesis/objenesis/3.3/objenesis-3.3.jar:/home/andrea/.m2/repository/org/mockito/mockito-junit-jupiter/5.14.2/mockito-junit-jupiter-5.14.2.jar:/home/andrea/.m2/repository/org/skyscreamer/jsonassert/1.5.3/jsonassert-1.5.3.jar:/home/andrea/.m2/repository/com/vaadin/external/google/android-json/0.0.20131108.vaadin1/android-json-0.0.20131108.vaadin1.jar:/home/andrea/.m2/repository/org/springframework/spring-core/6.2.0/spring-core-6.2.0.jar:/home/andrea/.m2/repository/org/springframework/spring-jcl/6.2.0/spring-jcl-6.2.0.jar:/home/andrea/.m2/repository/org/springframework/spring-test/6.2.0/spring-test-6.2.0.jar:/home/andrea/.m2/repository/org/xmlunit/xmlunit-core/2.10.0/xmlunit-core-2.10.0.jar:/home/andrea/.m2/repository/com/mysql/mysql-connector-j/8.0.33/mysql-connector-j-8.0.33.jar:/home/andrea/.m2/repository/com/h2database/h2/2.3.232/h2-2.3.232.jar:/home/andrea/.m2/repository/com/auth0/java-jwt/4.4.0/java-jwt-4.4.0.jar:/home/andrea/.m2/repository/com/fasterxml/jackson/core/jackson-databind/2.18.1/jackson-databind-2.18.1.jar:/home/andrea/.m2/repository/com/fasterxml/jackson/core/jackson-annotations/2.18.1/jackson-annotations-2.18.1.jar:/home/andrea/.m2/repository/com/fasterxml/jackson/core/jackson-core/2.18.1/jackson-core-2.18.1.jar:/home/andrea/.m2/repository/org/springframework/security/spring-security-crypto/6.3.5/spring-security-crypto-6.3.5.jar:/home/andrea/.m2/repository/org/springframework/boot/spring-boot-starter-security/3.4.1/spring-boot-starter-security-3.4.1.jar:/home/andrea/.m2/repository/org/springframework/spring-aop/6.2.0/spring-aop-6.2.0.jar:/home/andrea/.m2/repository/org/springframework/security/spring-security-config/6.4.1/spring-security-config-6.4.1.jar:/home/andrea/.m2/repository/org/springframework/security/spring-security-core/6.4.1/spring-security-core-6.4.1.jar:/home/andrea/.m2/repository/org/springframework/security/spring-security-web/6.4.1/spring-security-web-6.4.1.jar:/home/andrea/.m2/repository/jakarta/validation/jakarta.validation-api/3.1.0/jakarta.validation-api-3.1.0.jar:/home/andrea/.m2/repository/junit/junit/4.13.2/junit-4.13.2.jar:/home/andrea/.m2/repository/org/hamcrest/hamcrest-core/2.2/hamcrest-core-2.2.jar:/home/andrea/.m2/repository/org/mapstruct/mapstruct/1.6.3/mapstruct-1.6.3.jar:"/>
    <property name="java.vm.vendor" value="Red Hat, Inc."/>
    <property name="sun.arch.data.model" value="64"/>
    <property name="java.vendor.url" value="https://www.redhat.com/"/>
    <property name="user.timezone" value="Europe/Rome"/>
    <property name="org.jboss.logging.provider" value="slf4j"/>
    <property name="os.name" value="Linux"/>
    <property name="java.vm.specification.version" value="21"/>
    <property name="APPLICATION_NAME" value="SiteCercolaFioravante"/>
    <property name="sun.java.launcher" value="SUN_STANDARD"/>
    <property name="user.country" value="IT"/>
    <property name="sun.boot.library.path" value="/usr/lib/jvm/java-21-openjdk/lib"/>
    <property name="sun.java.command" value="/home/andrea/IdeaProjects/SiteCercolaFiorvante/target/surefire/surefirebooter-20250403190116835_3.jar /home/andrea/IdeaProjects/SiteCercolaFiorvante/target/surefire 2025-04-03T19-01-16_355-jvmRun1 surefire-20250403190116835_1tmp surefire_0-20250403190116835_2tmp"/>
    <property name="jdk.debug" value="release"/>
    <property name="surefire.test.class.path" value="/home/andrea/IdeaProjects/SiteCercolaFiorvante/target/test-classes:/home/andrea/IdeaProjects/SiteCercolaFiorvante/target/classes:/home/andrea/.m2/repository/org/springframework/boot/spring-boot-starter-data-jpa/3.4.0/spring-boot-starter-data-jpa-3.4.0.jar:/home/andrea/.m2/repository/org/springframework/boot/spring-boot-starter/3.4.0/spring-boot-starter-3.4.0.jar:/home/andrea/.m2/repository/org/springframework/boot/spring-boot/3.4.0/spring-boot-3.4.0.jar:/home/andrea/.m2/repository/org/springframework/boot/spring-boot-autoconfigure/3.4.0/spring-boot-autoconfigure-3.4.0.jar:/home/andrea/.m2/repository/org/springframework/boot/spring-boot-starter-logging/3.4.0/spring-boot-starter-logging-3.4.0.jar:/home/andrea/.m2/repository/ch/qos/logback/logback-classic/1.5.12/logback-classic-1.5.12.jar:/home/andrea/.m2/repository/ch/qos/logback/logback-core/1.5.12/logback-core-1.5.12.jar:/home/andrea/.m2/repository/org/apache/logging/log4j/log4j-to-slf4j/2.24.1/log4j-to-slf4j-2.24.1.jar:/home/andrea/.m2/repository/org/apache/logging/log4j/log4j-api/2.24.1/log4j-api-2.24.1.jar:/home/andrea/.m2/repository/org/slf4j/jul-to-slf4j/2.0.16/jul-to-slf4j-2.0.16.jar:/home/andrea/.m2/repository/jakarta/annotation/jakarta.annotation-api/2.1.1/jakarta.annotation-api-2.1.1.jar:/home/andrea/.m2/repository/org/yaml/snakeyaml/2.3/snakeyaml-2.3.jar:/home/andrea/.m2/repository/org/springframework/boot/spring-boot-starter-jdbc/3.4.0/spring-boot-starter-jdbc-3.4.0.jar:/home/andrea/.m2/repository/com/zaxxer/HikariCP/5.1.0/HikariCP-5.1.0.jar:/home/andrea/.m2/repository/org/springframework/spring-jdbc/6.2.0/spring-jdbc-6.2.0.jar:/home/andrea/.m2/repository/org/hibernate/orm/hibernate-core/6.6.2.Final/hibernate-core-6.6.2.Final.jar:/home/andrea/.m2/repository/jakarta/persistence/jakarta.persistence-api/3.1.0/jakarta.persistence-api-3.1.0.jar:/home/andrea/.m2/repository/jakarta/transaction/jakarta.transaction-api/2.0.1/jakarta.transaction-api-2.0.1.jar:/home/andrea/.m2/repository/org/jboss/logging/jboss-logging/3.6.1.Final/jboss-logging-3.6.1.Final.jar:/home/andrea/.m2/repository/org/hibernate/common/hibernate-commons-annotations/7.0.3.Final/hibernate-commons-annotations-7.0.3.Final.jar:/home/andrea/.m2/repository/io/smallrye/jandex/3.2.0/jandex-3.2.0.jar:/home/andrea/.m2/repository/com/fasterxml/classmate/1.7.0/classmate-1.7.0.jar:/home/andrea/.m2/repository/net/bytebuddy/byte-buddy/1.15.10/byte-buddy-1.15.10.jar:/home/andrea/.m2/repository/org/glassfish/jaxb/jaxb-runtime/4.0.5/jaxb-runtime-4.0.5.jar:/home/andrea/.m2/repository/org/glassfish/jaxb/jaxb-core/4.0.5/jaxb-core-4.0.5.jar:/home/andrea/.m2/repository/org/eclipse/angus/angus-activation/2.0.2/angus-activation-2.0.2.jar:/home/andrea/.m2/repository/org/glassfish/jaxb/txw2/4.0.5/txw2-4.0.5.jar:/home/andrea/.m2/repository/com/sun/istack/istack-commons-runtime/4.1.2/istack-commons-runtime-4.1.2.jar:/home/andrea/.m2/repository/jakarta/inject/jakarta.inject-api/2.0.1/jakarta.inject-api-2.0.1.jar:/home/andrea/.m2/repository/org/antlr/antlr4-runtime/4.13.0/antlr4-runtime-4.13.0.jar:/home/andrea/.m2/repository/org/springframework/data/spring-data-jpa/3.4.0/spring-data-jpa-3.4.0.jar:/home/andrea/.m2/repository/org/springframework/data/spring-data-commons/3.4.0/spring-data-commons-3.4.0.jar:/home/andrea/.m2/repository/org/springframework/spring-orm/6.2.0/spring-orm-6.2.0.jar:/home/andrea/.m2/repository/org/springframework/spring-context/6.2.0/spring-context-6.2.0.jar:/home/andrea/.m2/repository/org/springframework/spring-tx/6.2.0/spring-tx-6.2.0.jar:/home/andrea/.m2/repository/org/springframework/spring-beans/6.2.0/spring-beans-6.2.0.jar:/home/andrea/.m2/repository/org/slf4j/slf4j-api/2.0.16/slf4j-api-2.0.16.jar:/home/andrea/.m2/repository/org/springframework/spring-aspects/6.2.0/spring-aspects-6.2.0.jar:/home/andrea/.m2/repository/org/aspectj/aspectjweaver/1.9.22.1/aspectjweaver-1.9.22.1.jar:/home/andrea/.m2/repository/org/springframework/boot/spring-boot-starter-web/3.4.0/spring-boot-starter-web-3.4.0.jar:/home/andrea/.m2/repository/org/springframework/boot/spring-boot-starter-json/3.4.0/spring-boot-starter-json-3.4.0.jar:/home/andrea/.m2/repository/com/fasterxml/jackson/datatype/jackson-datatype-jdk8/2.18.1/jackson-datatype-jdk8-2.18.1.jar:/home/andrea/.m2/repository/com/fasterxml/jackson/datatype/jackson-datatype-jsr310/2.18.1/jackson-datatype-jsr310-2.18.1.jar:/home/andrea/.m2/repository/com/fasterxml/jackson/module/jackson-module-parameter-names/2.18.1/jackson-module-parameter-names-2.18.1.jar:/home/andrea/.m2/repository/org/springframework/boot/spring-boot-starter-tomcat/3.4.0/spring-boot-starter-tomcat-3.4.0.jar:/home/andrea/.m2/repository/org/apache/tomcat/embed/tomcat-embed-core/10.1.33/tomcat-embed-core-10.1.33.jar:/home/andrea/.m2/repository/org/apache/tomcat/embed/tomcat-embed-el/10.1.33/tomcat-embed-el-10.1.33.jar:/home/andrea/.m2/repository/org/apache/tomcat/embed/tomcat-embed-websocket/10.1.33/tomcat-embed-websocket-10.1.33.jar:/home/andrea/.m2/repository/org/springframework/spring-web/6.2.0/spring-web-6.2.0.jar:/home/andrea/.m2/repository/io/micrometer/micrometer-observation/1.14.1/micrometer-observation-1.14.1.jar:/home/andrea/.m2/repository/io/micrometer/micrometer-commons/1.14.1/micrometer-commons-1.14.1.jar:/home/andrea/.m2/repository/org/springframework/spring-webmvc/6.2.0/spring-webmvc-6.2.0.jar:/home/andrea/.m2/repository/org/springframework/spring-expression/6.2.0/spring-expression-6.2.0.jar:/home/andrea/.m2/repository/org/projectlombok/lombok/1.18.36/lombok-1.18.36.jar:/home/andrea/.m2/repository/org/springframework/boot/spring-boot-starter-test/3.4.0/spring-boot-starter-test-3.4.0.jar:/home/andrea/.m2/repository/org/springframework/boot/spring-boot-test/3.4.0/spring-boot-test-3.4.0.jar:/home/andrea/.m2/repository/org/springframework/boot/spring-boot-test-autoconfigure/3.4.0/spring-boot-test-autoconfigure-3.4.0.jar:/home/andrea/.m2/repository/com/jayway/jsonpath/json-path/2.9.0/json-path-2.9.0.jar:/home/andrea/.m2/repository/jakarta/xml/bind/jakarta.xml.bind-api/4.0.2/jakarta.xml.bind-api-4.0.2.jar:/home/andrea/.m2/repository/jakarta/activation/jakarta.activation-api/2.1.3/jakarta.activation-api-2.1.3.jar:/home/andrea/.m2/repository/net/minidev/json-smart/2.5.1/json-smart-2.5.1.jar:/home/andrea/.m2/repository/net/minidev/accessors-smart/2.5.1/accessors-smart-2.5.1.jar:/home/andrea/.m2/repository/org/ow2/asm/asm/9.6/asm-9.6.jar:/home/andrea/.m2/repository/org/assertj/assertj-core/3.26.3/assertj-core-3.26.3.jar:/home/andrea/.m2/repository/org/awaitility/awaitility/4.2.2/awaitility-4.2.2.jar:/home/andrea/.m2/repository/org/hamcrest/hamcrest/2.2/hamcrest-2.2.jar:/home/andrea/.m2/repository/org/junit/jupiter/junit-jupiter/5.11.3/junit-jupiter-5.11.3.jar:/home/andrea/.m2/repository/org/junit/jupiter/junit-jupiter-api/5.11.3/junit-jupiter-api-5.11.3.jar:/home/andrea/.m2/repository/org/opentest4j/opentest4j/1.3.0/opentest4j-1.3.0.jar:/home/andrea/.m2/repository/org/junit/platform/junit-platform-commons/1.11.3/junit-platform-commons-1.11.3.jar:/home/andrea/.m2/repository/org/apiguardian/apiguardian-api/1.1.2/apiguardian-api-1.1.2.jar:/home/andrea/.m2/repository/org/junit/jupiter/junit-jupiter-params/5.11.3/junit-jupiter-params-5.11.3.jar:/home/andrea/.m2/repository/org/junit/jupiter/junit-jupiter-engine/5.11.3/junit-jupiter-engine-5.11.3.jar:/home/andrea/.m2/repository/org/junit/platform/junit-platform-engine/1.11.3/junit-platform-engine-1.11.3.jar:/home/andrea/.m2/repository/org/mockito/mockito-core/5.14.2/mockito-core-5.14.2.jar:/home/andrea/.m2/repository/net/bytebuddy/byte-buddy-agent/1.15.10/byte-buddy-agent-1.15.10.jar:/home/andrea/.m2/repository/org/objenesis/objenesis/3.3/objenesis-3.3.jar:/home/andrea/.m2/repository/org/mockito/mockito-junit-jupiter/5.14.2/mockito-junit-jupiter-5.14.2.jar:/home/andrea/.m2/repository/org/skyscreamer/jsonassert/1.5.3/jsonassert-1.5.3.jar:/home/andrea/.m2/repository/com/vaadin/external/google/android-json/0.0.20131108.vaadin1/android-json-0.0.20131108.vaadin1.jar:/home/andrea/.m2/repository/org/springframework/spring-core/6.2.0/spring-core-6.2.0.jar:/home/andrea/.m2/repository/org/springframework/spring-jcl/6.2.0/spring-jcl-6.2.0.jar:/home/andrea/.m2/repository/org/springframework/spring-test/6.2.0/spring-test-6.2.0.jar:/home/andrea/.m2/repository/org/xmlunit/xmlunit-core/2.10.0/xmlunit-core-2.10.0.jar:/home/andrea/.m2/repository/com/mysql/mysql-connector-j/8.0.33/mysql-connector-j-8.0.33.jar:/home/andrea/.m2/repository/com/h2database/h2/2.3.232/h2-2.3.232.jar:/home/andrea/.m2/repository/com/auth0/java-jwt/4.4.0/java-jwt-4.4.0.jar:/home/andrea/.m2/repository/com/fasterxml/jackson/core/jackson-databind/2.18.1/jackson-databind-2.18.1.jar:/home/andrea/.m2/repository/com/fasterxml/jackson/core/jackson-annotations/2.18.1/jackson-annotations-2.18.1.jar:/home/andrea/.m2/repository/com/fasterxml/jackson/core/jackson-core/2.18.1/jackson-core-2.18.1.jar:/home/andrea/.m2/repository/org/springframework/security/spring-security-crypto/6.3.5/spring-security-crypto-6.3.5.jar:/home/andrea/.m2/repository/org/springframework/boot/spring-boot-starter-security/3.4.1/spring-boot-starter-security-3.4.1.jar:/home/andrea/.m2/repository/org/springframework/spring-aop/6.2.0/spring-aop-6.2.0.jar:/home/andrea/.m2/repository/org/springframework/security/spring-security-config/6.4.1/spring-security-config-6.4.1.jar:/home/andrea/.m2/repository/org/springframework/security/spring-security-core/6.4.1/spring-security-core-6.4.1.jar:/home/andrea/.m2/repository/org/springframework/security/spring-security-web/6.4.1/spring-security-web-6.4.1.jar:/home/andrea/.m2/repository/jakarta/validation/jakarta.validation-api/3.1.0/jakarta.validation-api-3.1.0.jar:/home/andrea/.m2/repository/junit/junit/4.13.2/junit-4.13.2.jar:/home/andrea/.m2/repository/org/hamcrest/hamcrest-core/2.2/hamcrest-core-2.2.jar:/home/andrea/.m2/repository/org/mapstruct/mapstruct/1.6.3/mapstruct-1.6.3.jar:"/>
    <property name="sun.cpu.endian" value="little"/>
    <property name="user.home" value="/home/andrea"/>
    <property name="user.language" value="it"/>
    <property name="java.specification.vendor" value="Oracle Corporation"/>
    <property name="java.version.date" value="2025-01-21"/>
    <property name="java.home" value="/usr/lib/jvm/java-21-openjdk"/>
    <property name="file.separator" value="/"/>
    <property name="basedir" value="/home/andrea/IdeaProjects/SiteCercolaFiorvante"/>
    <property name="java.vm.compressedOopsMode" value="Zero based"/>
    <property name="line.separator" value="&#10;"/>
    <property name="java.vm.specification.vendor" value="Oracle Corporation"/>
    <property name="java.specification.name" value="Java Platform API Specification"/>
    <property name="FILE_LOG_CHARSET" value="UTF-8"/>
    <property name="java.awt.headless" value="true"/>
    <property name="surefire.real.class.path" value="/home/andrea/IdeaProjects/SiteCercolaFiorvante/target/surefire/surefirebooter-20250403190116835_3.jar"/>
    <property name="sun.management.compiler" value="HotSpot 64-Bit Tiered Compilers"/>
    <property name="java.runtime.version" value="21.0.6+7"/>
    <property name="user.name" value="andrea"/>
    <property name="stdout.encoding" value="UTF-8"/>
    <property name="path.separator" value=":"/>
    <property name="os.version" value="6.13.9-200.fc41.x86_64"/>
    <property name="java.runtime.name" value="OpenJDK Runtime Environment"/>
    <property name="file.encoding" value="UTF-8"/>
    <property name="java.vm.name" value="OpenJDK 64-Bit Server VM"/>
    <property name="java.vendor.version" value="(Red_Hat-21.0.6.0.7-1)"/>
    <property name="localRepository" value="/home/andrea/.m2/repository"/>
    <property name="java.vendor.url.bug" value="https://bugzilla.redhat.com/enter_bug.cgi?product=Fedora&amp;component=java-21-openjdk&amp;version=40"/>
    <property name="java.io.tmpdir" value="/tmp"/>
    <property name="com.zaxxer.hikari.pool_number" value="1"/>
    <property name="java.version" value="21.0.6"/>
    <property name="user.dir" value="/home/andrea/IdeaProjects/SiteCercolaFiorvante"/>
    <property name="os.arch" value="amd64"/>
    <property name="java.vm.specification.name" value="Java Virtual Machine Specification"/>
    <property name="PID" value="8526"/>
    <property name="CONSOLE_LOG_CHARSET" value="UTF-8"/>
    <property name="native.encoding" value="UTF-8"/>
    <property name="java.library.path" value="/usr/java/packages/lib:/usr/lib64:/lib64:/lib:/usr/lib"/>
    <property name="java.vm.info" value="mixed mode, sharing"/>
    <property name="stderr.encoding" value="UTF-8"/>
    <property name="java.vendor" value="Red Hat, Inc."/>
    <property name="java.vm.version" value="21.0.6+7"/>
    <property name="sun.io.unicode.encoding" value="UnicodeLittle"/>
    <property name="java.class.version" value="65.0"/>
    <property name="LOGGED_APPLICATION_NAME" value="[SiteCercolaFioravante] "/>
  </properties>
  <testcase name="givenUser_whenSaved_thenCanBeFoundByEmail" classname="com.example.SiteCercolaFioravante.repository_tests.CustomerRepositoryTest" time="0.928">
    <system-out><![CDATA[2025-04-03T19:01:25.455+02:00  INFO 8526 --- [SiteCercolaFioravante] [           main] t.c.s.AnnotationConfigContextLoaderUtils : Could not detect default configuration classes for test class [com.example.SiteCercolaFioravante.repository_tests.CustomerRepositoryTest]: CustomerRepositoryTest does not declare any static, non-private, non-final, nested classes annotated with @Configuration.
2025-04-03T19:01:25.498+02:00  INFO 8526 --- [SiteCercolaFioravante] [           main] .b.t.c.SpringBootTestContextBootstrapper : Found @SpringBootConfiguration com.example.SiteCercolaFioravante.SiteCercolaFioravanteApplication for test class com.example.SiteCercolaFioravante.repository_tests.CustomerRepositoryTest

  .   ____          _            __ _ _
 /\\ / ___'_ __ _ _(_)_ __  __ _ \ \ \ \
( ( )\___ | '_ | '_| | '_ \/ _` | \ \ \ \
 \\/  ___)| |_)| | | | | || (_| |  ) ) ) )
  '  |____| .__|_| |_|_| |_\__, | / / / /
 =========|_|==============|___/=/_/_/_/

 :: Spring Boot ::                (v3.4.0)

2025-04-03T19:01:25.572+02:00  INFO 8526 --- [SiteCercolaFioravante] [           main] c.e.S.r.CustomerRepositoryTest           : Starting CustomerRepositoryTest using Java 21.0.6 with PID 8526 (started by andrea in /home/andrea/IdeaProjects/SiteCercolaFiorvante)
2025-04-03T19:01:25.573+02:00  INFO 8526 --- [SiteCercolaFioravante] [           main] c.e.S.r.CustomerRepositoryTest           : No active profile set, falling back to 1 default profile: "default"
2025-04-03T19:01:25.717+02:00  INFO 8526 --- [SiteCercolaFioravante] [           main] .s.d.r.c.RepositoryConfigurationDelegate : Bootstrapping Spring Data JPA repositories in DEFAULT mode.
2025-04-03T19:01:25.736+02:00  INFO 8526 --- [SiteCercolaFioravante] [           main] .s.d.r.c.RepositoryConfigurationDelegate : Finished Spring Data repository scanning in 16 ms. Found 4 JPA repository interfaces.
2025-04-03T19:01:25.759+02:00  INFO 8526 --- [SiteCercolaFioravante] [           main] beddedDataSourceBeanFactoryPostProcessor : Replacing 'dataSource' DataSource bean with embedded version
2025-04-03T19:01:25.796+02:00  INFO 8526 --- [SiteCercolaFioravante] [           main] o.s.j.d.e.EmbeddedDatabaseFactory        : Starting embedded database: url='jdbc:h2:mem:1dd58b09-d246-4d3d-8a2f-c1910d0f7625;DB_CLOSE_DELAY=-1;DB_CLOSE_ON_EXIT=false', username='sa'
2025-04-03T19:01:25.825+02:00  INFO 8526 --- [SiteCercolaFioravante] [           main] o.hibernate.jpa.internal.util.LogHelper  : HHH000204: Processing PersistenceUnitInfo [name: default]
2025-04-03T19:01:25.827+02:00  INFO 8526 --- [SiteCercolaFioravante] [           main] o.h.c.internal.RegionFactoryInitiator    : HHH000026: Second-level cache disabled
2025-04-03T19:01:25.843+02:00  INFO 8526 --- [SiteCercolaFioravante] [           main] o.s.o.j.p.SpringPersistenceUnitInfo      : No LoadTimeWeaver setup: ignoring JPA class transformer
2025-04-03T19:01:25.846+02:00  INFO 8526 --- [SiteCercolaFioravante] [           main] org.hibernate.orm.connections.pooling    : HHH10001005: Database info:
	Database JDBC URL [Connecting through datasource 'org.springframework.jdbc.datasource.embedded.EmbeddedDatabaseFactory$EmbeddedDataSourceProxy@22938166']
	Database driver: undefined/unknown
	Database version: 2.3.232
	Autocommit mode: undefined/unknown
	Isolation level: undefined/unknown
	Minimum pool size: undefined/unknown
	Maximum pool size: undefined/unknown
Hibernate: 
    create global temporary table "HTE_service"(rn_ integer not null, "id" bigint, "price" float(53), "description" varchar(1500), "first_image" varchar(255), "service_name" varchar(255), primary key (rn_)) TRANSACTIONAL
Hibernate: 
    create global temporary table "HTE_reservation"("day_date" date, "hour" integer, "is_completed" boolean, "is_deletable" boolean, rn_ integer not null, "customer_id" bigint, "id" bigint, "service_id" bigint, primary key (rn_)) TRANSACTIONAL
Hibernate: 
    create global temporary table "HTE_customer"(rn_ integer not null, "id" bigint, "phone_number" varchar(10), "email" varchar(255), "name" varchar(255), "password" varchar(255), "surname" varchar(255), "token_registration" varchar(255), "role" enum ('ADMIN', 'CUSTOMER', 'CUSTOMER_IN_LOCO'), primary key (rn_)) TRANSACTIONAL
2025-04-03T19:01:25.992+02:00  INFO 8526 --- [SiteCercolaFioravante] [           main] o.h.e.t.j.p.i.JtaPlatformInitiator       : HHH000489: No JTA platform available (set 'hibernate.transaction.jta.platform' to enable JTA platform integration)
Hibernate: 
    create table "day" (
        "date" date not null,
        "is_available" boolean default true not null,
        primary key ("date")
    )
Hibernate: 
    create table "day_occupied_hour" (
        "day_date" date not null,
        "occupied_hour" integer
    )
Hibernate: 
    create table "reservation" (
        "id" bigint not null,
        "hour" integer not null,
        "is_completed" boolean default false not null,
        "is_deletable" boolean default true not null,
        "customer_id" bigint not null,
        "day_date" date not null,
        "service_id" bigint not null,
        primary key ("id")
    )
Hibernate: 
    create table "service" (
        "id" bigint not null,
        "description" varchar(1500) not null,
        "first_image" varchar(255),
        "price" float(53) not null,
        "service_name" varchar(255),
        primary key ("id")
    )
Hibernate: 
    create table "service_images" (
        "service_id" bigint not null,
        "images" varchar(255)
    )
Hibernate: 
    create table "customer" (
        "id" bigint not null,
        "email" varchar(255),
        "name" varchar(255) not null,
        "password" varchar(255) not null,
        "phone_number" varchar(10),
        "role" enum ('ADMIN','CUSTOMER','CUSTOMER_IN_LOCO') not null,
        "surname" varchar(255) not null,
        "token_registration" varchar(255),
        primary key ("id")
    )
Hibernate: 
    alter table if exists "reservation" 
       drop constraint if exists "UK7ktvri1j1664n9e7d61dmnjm4"
Hibernate: 
    alter table if exists "reservation" 
       add constraint "UK7ktvri1j1664n9e7d61dmnjm4" unique ("day", "hour")
Hibernate: 
    alter table if exists "service" 
       drop constraint if exists "UKomccibhimc33lyjafun306kuo"
Hibernate: 
    alter table if exists "service" 
       add constraint "UKomccibhimc33lyjafun306kuo" unique ("service_name")
Hibernate: 
    alter table if exists "customer" 
       drop constraint if exists "UKk62h1m5t6hdhhd1iqy4fyms5n"
Hibernate: 
    alter table if exists "customer" 
       add constraint "UKk62h1m5t6hdhhd1iqy4fyms5n" unique ("email")
Hibernate: 
    alter table if exists "customer" 
       drop constraint if exists "UKidcqqrd5qiidi7o0ixx8li6kn"
Hibernate: 
    alter table if exists "customer" 
       add constraint "UKidcqqrd5qiidi7o0ixx8li6kn" unique ("phone_number")
Hibernate: 
    create sequence "customer_seq" start with 1 increment by 50
Hibernate: 
    create sequence "reservation_seq" start with 1 increment by 50
Hibernate: 
    create sequence "service_seq" start with 1 increment by 50
Hibernate: 
    alter table if exists "day_occupied_hour" 
       add constraint "FKi1cpfmm34uftitus6jvuxamb" 
       foreign key ("day_date") 
       references "day"
Hibernate: 
    alter table if exists "reservation" 
       add constraint "FK5foqwyoqoa77vttmr8ab9hhpc" 
       foreign key ("customer_id") 
       references "customer"
Hibernate: 
    alter table if exists "reservation" 
       add constraint "FK1l53php964shcbe024bkh4ryq" 
       foreign key ("day_date") 
       references "day"
Hibernate: 
    alter table if exists "reservation" 
       add constraint "FK4njd8t5pk1ms0fg5igsv2mu1o" 
       foreign key ("service_id") 
       references "service"
Hibernate: 
    alter table if exists "service_images" 
       add constraint "FKfj3f10qone17c7h9l02icuq9i" 
       foreign key ("service_id") 
       references "service"
2025-04-03T19:01:26.015+02:00  INFO 8526 --- [SiteCercolaFioravante] [           main] j.LocalContainerEntityManagerFactoryBean : Initialized JPA EntityManagerFactory for persistence unit 'default'
2025-04-03T19:01:26.437+02:00  INFO 8526 --- [SiteCercolaFioravante] [           main] c.e.S.r.CustomerRepositoryTest           : Started CustomerRepositoryTest in 0.934 seconds (process running for 9.53)
Hibernate: 
    select
        next value for "customer_seq"
Hibernate: 
    insert 
    into
        "customer"
        ("email", "name", "password", "phone_number", "role", "surname", "token_registration", "id") 
    values
        (?, ?, ?, ?, ?, ?, ?, ?)
Hibernate: 
    select
        c1_0."surname",
        c1_0."name",
        c1_0."email" 
    from
        "customer" c1_0 
    where
        upper(c1_0."email") like ('%'||upper(?)||'%') escape ''
]]></system-out>
    <system-err><![CDATA[Mockito is currently self-attaching to enable the inline-mock-maker. This will no longer work in future releases of the JDK. Please add Mockito as an agent to your build what is described in Mockito's documentation: https://javadoc.io/doc/org.mockito/mockito-core/latest/org/mockito/Mockito.html#0.3
WARNING: A Java agent has been loaded dynamically (/home/andrea/.m2/repository/net/bytebuddy/byte-buddy-agent/1.15.10/byte-buddy-agent-1.15.10.jar)
WARNING: If a serviceability tool is in use, please run with -XX:+EnableDynamicAgentLoading to hide this warning
WARNING: If a serviceability tool is not in use, please run with -Djdk.instrument.traceUsage for more information
WARNING: Dynamic loading of agents will be disallowed by default in a future release
]]></system-err>
  </testcase>
  <testcase name="givenUser_whenSaved_thenCanBeFoundBynameUsername" classname="com.example.SiteCercolaFioravante.repository_tests.CustomerRepositoryTest" time="0.02">
    <system-out><![CDATA[Hibernate: 
    select
        next value for "customer_seq"
Hibernate: 
    insert 
    into
        "customer"
        ("email", "name", "password", "phone_number", "role", "surname", "token_registration", "id") 
    values
        (?, ?, ?, ?, ?, ?, ?, ?)
Hibernate: 
    select
        c1_0."surname",
        c1_0."name",
        c1_0."email" 
    from
        "customer" c1_0 
    where
        upper(c1_0."name") like ('%'||upper(?)||'%') escape '' 
        or upper(c1_0."surname") like ('%'||upper(?)||'%') escape ''
]]></system-out>
  </testcase>
  <testcase name="givenUser_whenSaved_thenCanBeFoundByPhoneNumber" classname="com.example.SiteCercolaFioravante.repository_tests.CustomerRepositoryTest" time="0.02">
    <system-out><![CDATA[Hibernate: 
    insert 
    into
        "customer"
        ("email", "name", "password", "phone_number", "role", "surname", "token_registration", "id") 
    values
        (?, ?, ?, ?, ?, ?, ?, ?)
Hibernate: 
    select
        c1_0."surname",
        c1_0."name",
        c1_0."email",
        c1_0."phone_number" 
    from
        "customer" c1_0 
    where
        c1_0."phone_number"=?
]]></system-out>
  </testcase>
</testsuite>