<?xml version="1.0" encoding="UTF-8"?>
<testsuite xmlns:xsi="http://www.w3.org/2001/XMLSchema-instance" xsi:noNamespaceSchemaLocation="https://maven.apache.org/surefire/maven-surefire-plugin/xsd/surefire-test-report.xsd" version="3.0.2" name="com.example.SiteCercolaFioravante.repository_tests.ReservationRepositoryTest" time="0.23" tests="3" errors="0" skipped="0" failures="0">
  <properties>
    <property name="java.specification.version" value="21"/>
    <property name="sun.jnu.encoding" value="UTF-8"/>
    <property name="java.class.path" value="/home/andrea/IdeaProjects/SiteCercolaFiorvante/target/test-classes:/home/andrea/IdeaProjects/SiteCercolaFiorvante/target/classes:/home/andrea/.m2/repository/org/springframework/boot/spring-boot-starter-data-jpa/3.4.0/spring-boot-starter-data-jpa-3.4.0.jar:/home/andrea/.m2/repository/org/springframework/boot/spring-boot-starter/3.4.0/spring-boot-starter-3.4.0.jar:/home/andrea/.m2/repository/org/springframework/boot/spring-boot/3.4.0/spring-boot-3.4.0.jar:/home/andrea/.m2/repository/org/springframework/boot/spring-boot-autoconfigure/3.4.0/spring-boot-autoconfigure-3.4.0.jar:/home/andrea/.m2/repository/org/springframework/boot/spring-boot-starter-logging/3.4.0/spring-boot-starter-logging-3.4.0.jar:/home/andrea/.m2/repository/ch/qos/logback/logback-classic/1.5.12/logback-classic-1.5.12.jar:/home/andrea/.m2/repository/ch/qos/logback/logback-core/1.5.12/logback-core-1.5.12.jar:/home/andrea/.m2/repository/org/apache/logging/log4j/log4j-to-slf4j/2.24.1/log4j-to-slf4j-2.24.1.jar:/home/andrea/.m2/repository/org/apache/logging/log4j/log4j-api/2.24.1/log4j-api-2.24.1.jar:/home/andrea/.m2/repository/org/slf4j/jul-to-slf4j/2.0.16/jul-to-slf4j-2.0.16.jar:/home/andrea/.m2/repository/jakarta/annotation/jakarta.annotation-api/2.1.1/jakarta.annotation-api-2.1.1.jar:/home/andrea/.m2/repository/org/yaml/snakeyaml/2.3/snakeyaml-2.3.jar:/home/andrea/.m2/repository/org/springframework/boot/spring-boot-starter-jdbc/3.4.0/spring-boot-starter-jdbc-3.4.0.jar:/home/andrea/.m2/repository/com/zaxxer/HikariCP/5.1.0/HikariCP-5.1.0.jar:/home/andrea/.m2/repository/org/springframework/spring-jdbc/6.2.0/spring-jdbc-6.2.0.jar:/home/andrea/.m2/repository/org/hibernate/orm/hibernate-core/6.6.2.Final/hibernate-core-6.6.2.Final.jar:/home/andrea/.m2/repository/jakarta/persistence/jakarta.persistence-api/3.1.0/jakarta.persistence-api-3.1.0.jar:/home/andrea/.m2/repository/jakarta/transaction/jakarta.transaction-api/2.0.1/jakarta.transaction-api-2.0.1.jar:/home/andrea/.m2/repository/org/jboss/logging/jboss-logging/3.6.1.Final/jboss-logging-3.6.1.Final.jar:/home/andrea/.m2/repository/org/hibernate/common/hibernate-commons-annotations/7.0.3.Final/hibernate-commons-annotations-7.0.3.Final.jar:/home/andrea/.m2/repository/io/smallrye/jandex/3.2.0/jandex-3.2.0.jar:/home/andrea/.m2/repository/com/fasterxml/classmate/1.7.0/classmate-1.7.0.jar:/home/andrea/.m2/repository/net/bytebuddy/byte-buddy/1.15.10/byte-buddy-1.15.10.jar:/home/andrea/.m2/repository/org/glassfish/jaxb/jaxb-runtime/4.0.5/jaxb-runtime-4.0.5.jar:/home/andrea/.m2/repository/org/glassfish/jaxb/jaxb-core/4.0.5/jaxb-core-4.0.5.jar:/home/andrea/.m2/repository/org/eclipse/angus/angus-activation/2.0.2/angus-activation-2.0.2.jar:/home/andrea/.m2/repository/org/glassfish/jaxb/txw2/4.0.5/txw2-4.0.5.jar:/home/andrea/.m2/repository/com/sun/istack/istack-commons-runtime/4.1.2/istack-commons-runtime-4.1.2.jar:/home/andrea/.m2/repository/jakarta/inject/jakarta.inject-api/2.0.1/jakarta.inject-api-2.0.1.jar:/home/andrea/.m2/repository/org/antlr/antlr4-runtime/4.13.0/antlr4-runtime-4.13.0.jar:/home/andrea/.m2/repository/org/springframework/data/spring-data-jpa/3.4.0/spring-data-jpa-3.4.0.jar:/home/andrea/.m2/repository/org/springframework/data/spring-data-commons/3.4.0/spring-data-commons-3.4.0.jar:/home/andrea/.m2/repository/org/springframework/spring-orm/6.2.0/spring-orm-6.2.0.jar:/home/andrea/.m2/repository/org/springframework/spring-context/6.2.0/spring-context-6.2.0.jar:/home/andrea/.m2/repository/org/springframework/spring-tx/6.2.0/spring-tx-6.2.0.jar:/home/andrea/.m2/repository/org/springframework/spring-beans/6.2.0/spring-beans-6.2.0.jar:/home/andrea/.m2/repository/org/slf4j/slf4j-api/2.0.16/slf4j-api-2.0.16.jar:/home/andrea/.m2/repository/org/springframework/spring-aspects/6.2.0/spring-aspects-6.2.0.jar:/home/andrea/.m2/repository/org/aspectj/aspectjweaver/1.9.22.1/aspectjweaver-1.9.22.1.jar:/home/andrea/.m2/repository/org/springframework/boot/spring-boot-starter-web/3.4.0/spring-boot-starter-web-3.4.0.jar:/home/andrea/.m2/repository/org/springframework/boot/spring-boot-starter-json/3.4.0/spring-boot-starter-json-3.4.0.jar:/home/andrea/.m2/repository/com/fasterxml/jackson/datatype/jackson-datatype-jdk8/2.18.1/jackson-datatype-jdk8-2.18.1.jar:/home/andrea/.m2/repository/com/fasterxml/jackson/datatype/jackson-datatype-jsr310/2.18.1/jackson-datatype-jsr310-2.18.1.jar:/home/andrea/.m2/repository/com/fasterxml/jackson/module/jackson-module-parameter-names/2.18.1/jackson-module-parameter-names-2.18.1.jar:/home/andrea/.m2/repository/org/springframework/boot/spring-boot-starter-tomcat/3.4.0/spring-boot-starter-tomcat-3.4.0.jar:/home/andrea/.m2/repository/org/apache/tomcat/embed/tomcat-embed-core/10.1.33/tomcat-embed-core-10.1.33.jar:/home/andrea/.m2/repository/org/apache/tomcat/embed/tomcat-embed-el/10.1.33/tomcat-embed-el-10.1.33.jar:/home/andrea/.m2/repository/org/apache/tomcat/embed/tomcat-embed-websocket/10.1.33/tomcat-embed-websocket-10.1.33.jar:/home/andrea/.m2/repository/org/springframework/spring-web/6.2.0/spring-web-6.2.0.jar:/home/andrea/.m2/repository/io/micrometer/micrometer-observation/1.14.1/micrometer-observation-1.14.1.jar:/home/andrea/.m2/repository/io/micrometer/micrometer-commons/1.14.1/micrometer-commons-1.14.1.jar:/home/andrea/.m2/repository/org/springframework/spring-webmvc/6.2.0/spring-webmvc-6.2.0.jar:/home/andrea/.m2/repository/org/springframework/spring-expression/6.2.0/spring-expression-6.2.0.jar:/home/andrea/.m2/repository/org/projectlombok/lombok/1.18.36/lombok-1.18.36.jar:/home/andrea/.m2/repository/org/springframework/boot/spring-boot-starter-test/3.4.0/spring-boot-starter-test-3.4.0.jar:/home/andrea/.m2/repository/org/springframework/boot/spring-boot-test/3.4.0/spring-boot-test-3.4.0.jar:/home/andrea/.m2/repository/org/springframework/boot/spring-boot-test-autoconfigure/3.4.0/spring-boot-test-autoconfigure-3.4.0.jar:/home/andrea/.m2/repository/com/jayway/jsonpath/json-path/2.9.0/json-path-2.9.0.jar:/home/andrea/.m2/repository/jakarta/xml/bind/jakarta.xml.bind-api/4.0.2/jakarta.xml.bind-api-4.0.2.jar:/home/andrea/.m2/repository/jakarta/activation/jakarta.activation-api/2.1.3/jakarta.activation-api-2.1.3.jar:/home/andrea/.m2/repository/net/minidev/json-smart/2.5.1/json-smart-2.5.1.jar:/home/andrea/.m2/repository/net/minidev/accessors-smart/2.5.1/accessors-smart-2.5.1.jar:/home/andrea/.m2/repository/org/ow2/asm/asm/9.6/asm-9.6.jar:/home/andrea/.m2/repository/org/assertj/assertj-core/3.26.3/assertj-core-3.26.3.jar:/home/andrea/.m2/repository/org/awaitility/awaitility/4.2.2/awaitility-4.2.2.jar:/home/andrea/.m2/repository/org/hamcrest/hamcrest/2.2/hamcrest-2.2.jar:/home/andrea/.m2/repository/org/junit/jupiter/junit-jupiter/5.11.3/junit-jupiter-5.11.3.jar:/home/andrea/.m2/repository/org/junit/jupiter/junit-jupiter-api/5.11.3/junit-jupiter-api-5.11.3.jar:/home/andrea/.m2/repository/org/opentest4j/opentest4j/1.3.0/opentest4j-1.3.0.jar:/home/andrea/.m2/repository/org/junit/platform/junit-platform-commons/1.11.3/junit-platform-commons-1.11.3.jar:/home/andrea/.m2/repository/org/apiguardian/apiguardian-api/1.1.2/apiguardian-api-1.1.2.jar:/home/andrea/.m2/repository/org/junit/jupiter/junit-jupiter-params/5.11.3/junit-jupiter-params-5.11.3.jar:/home/andrea/.m2/repository/org/junit/jupiter/junit-jupiter-engine/5.11.3/junit-jupiter-engine-5.11.3.jar:/home/andrea/.m2/repository/org/junit/platform/junit-platform-engine/1.11.3/junit-platform-engine-1.11.3.jar:/home/andrea/.m2/repository/org/mockito/mockito-core/5.14.2/mockito-core-5.14.2.jar:/home/andrea/.m2/repository/net/bytebuddy/byte-buddy-agent/1.15.10/byte-buddy-agent-1.15.10.jar:/home/andrea/.m2/repository/org/objenesis/objenesis/3.3/objenesis-3.3.jar:/home/andrea/.m2/repository/org/mockito/mockito-junit-jupiter/5.14.2/mockito-junit-jupiter-5.14.2.jar:/home/andrea/.m2/repository/org/skyscreamer/jsonassert/1.5.3/jsonassert-1.5.3.jar:/home/andrea/.m2/repository/com/vaadin/external/google/android-json/0.0.20131108.vaadin1/android-json-0.0.20131108.vaadin1.jar:/home/andrea/.m2/repository/org/springframework/spring-core/6.2.0/spring-core-6.2.0.jar:/home/andrea/.m2/repository/org/springframework/spring-jcl/6.2.0/spring-jcl-6.2.0.jar:/home/andrea/.m2/repository/org/springframework/spring-test/6.2.0/spring-test-6.2.0.jar:/home/andrea/.m2/repository/org/xmlunit/xmlunit-core/2.10.0/xmlunit-core-2.10.0.jar:/home/andrea/.m2/repository/com/mysql/mysql-connector-j/8.0.33/mysql-connector-j-8.0.33.jar:/home/andrea/.m2/repository/com/h2database/h2/2.3.232/h2-2.3.232.jar:/home/andrea/.m2/repository/com/auth0/java-jwt/4.4.0/java-jwt-4.4.0.jar:/home/andrea/.m2/repository/com/fasterxml/jackson/core/jackson-databind/2.18.1/jackson-databind-2.18.1.jar:/home/andrea/.m2/repository/com/fasterxml/jackson/core/jackson-annotations/2.18.1/jackson-annotations-2.18.1.jar:/home/andrea/.m2/repository/com/fasterxml/jackson/core/jackson-core/2.18.1/jackson-core-2.18.1.jar:/home/andrea/.m2/repository/org/springframework/security/spring-security-crypto/6.3.5/spring-security-crypto-6.3.5.jar:/home/andrea/.m2/repository/org/springframework/boot/spring-boot-starter-security/3.4.1/spring-boot-starter-security-3.4.1.jar:/home/andrea/.m2/repository/org/springframework/spring-aop/6.2.0/spring-aop-6.2.0.jar:/home/andrea/.m2/repository/org/springframework/security/spring-security-config/6.4.1/spring-security-config-6.4.1.jar:/home/andrea/.m2/repository/org/springframework/security/spring-security-core/6.4.1/spring-security-core-6.4.1.jar:/home/andrea/.m2/repository/org/springframework/security/spring-security-web/6.4.1/spring-security-web-6.4.1.jar:/home/andrea/.m2/repository/jakarta/validation/jakarta.validation-api/3.1.0/jakarta.validation-api-3.1.0.jar:/home/andrea/.m2/repository/junit/junit/4.13.2/junit-4.13.2.jar:/home/andrea/.m2/repository/org/hamcrest/hamcrest-core/2.2/hamcrest-core-2.2.jar:/home/andrea/.m2/repository/org/mapstruct/mapstruct/1.6.3/mapstruct-1.6.3.jar:"/>
    <property name="java.vm.vendor" value="Red Hat, Inc."/>
    <property name="sun.arch.data.model" value="64"/>
    <property name="java.vendor.url" value="https://www.redhat.com/"/>
    <property name="user.timezone" value="Europe/Rome"/>
    <property name="org.jboss.logging.provider" value="slf4j"/>
    <property name="os.name" value="Linux"/>
    <property name="java.vm.specification.version" value="21"/>
    <property name="APPLICATION_NAME" value="SiteCercolaFioravante"/>
    <property name="sun.java.launcher" value="SUN_STANDARD"/>
    <property name="user.country" value="IT"/>
    <property name="sun.boot.library.path" value="/usr/lib/jvm/java-21-openjdk/lib"/>
    <property name="sun.java.command" value="/home/andrea/IdeaProjects/SiteCercolaFiorvante/target/surefire/surefirebooter-20250403190116835_3.jar /home/andrea/IdeaProjects/SiteCercolaFiorvante/target/surefire 2025-04-03T19-01-16_355-jvmRun1 surefire-20250403190116835_1tmp surefire_0-20250403190116835_2tmp"/>
    <property name="jdk.debug" value="release"/>
    <property name="surefire.test.class.path" value="/home/andrea/IdeaProjects/SiteCercolaFiorvante/target/test-classes:/home/andrea/IdeaProjects/SiteCercolaFiorvante/target/classes:/home/andrea/.m2/repository/org/springframework/boot/spring-boot-starter-data-jpa/3.4.0/spring-boot-starter-data-jpa-3.4.0.jar:/home/andrea/.m2/repository/org/springframework/boot/spring-boot-starter/3.4.0/spring-boot-starter-3.4.0.jar:/home/andrea/.m2/repository/org/springframework/boot/spring-boot/3.4.0/spring-boot-3.4.0.jar:/home/andrea/.m2/repository/org/springframework/boot/spring-boot-autoconfigure/3.4.0/spring-boot-autoconfigure-3.4.0.jar:/home/andrea/.m2/repository/org/springframework/boot/spring-boot-starter-logging/3.4.0/spring-boot-starter-logging-3.4.0.jar:/home/andrea/.m2/repository/ch/qos/logback/logback-classic/1.5.12/logback-classic-1.5.12.jar:/home/andrea/.m2/repository/ch/qos/logback/logback-core/1.5.12/logback-core-1.5.12.jar:/home/andrea/.m2/repository/org/apache/logging/log4j/log4j-to-slf4j/2.24.1/log4j-to-slf4j-2.24.1.jar:/home/andrea/.m2/repository/org/apache/logging/log4j/log4j-api/2.24.1/log4j-api-2.24.1.jar:/home/andrea/.m2/repository/org/slf4j/jul-to-slf4j/2.0.16/jul-to-slf4j-2.0.16.jar:/home/andrea/.m2/repository/jakarta/annotation/jakarta.annotation-api/2.1.1/jakarta.annotation-api-2.1.1.jar:/home/andrea/.m2/repository/org/yaml/snakeyaml/2.3/snakeyaml-2.3.jar:/home/andrea/.m2/repository/org/springframework/boot/spring-boot-starter-jdbc/3.4.0/spring-boot-starter-jdbc-3.4.0.jar:/home/andrea/.m2/repository/com/zaxxer/HikariCP/5.1.0/HikariCP-5.1.0.jar:/home/andrea/.m2/repository/org/springframework/spring-jdbc/6.2.0/spring-jdbc-6.2.0.jar:/home/andrea/.m2/repository/org/hibernate/orm/hibernate-core/6.6.2.Final/hibernate-core-6.6.2.Final.jar:/home/andrea/.m2/repository/jakarta/persistence/jakarta.persistence-api/3.1.0/jakarta.persistence-api-3.1.0.jar:/home/andrea/.m2/repository/jakarta/transaction/jakarta.transaction-api/2.0.1/jakarta.transaction-api-2.0.1.jar:/home/andrea/.m2/repository/org/jboss/logging/jboss-logging/3.6.1.Final/jboss-logging-3.6.1.Final.jar:/home/andrea/.m2/repository/org/hibernate/common/hibernate-commons-annotations/7.0.3.Final/hibernate-commons-annotations-7.0.3.Final.jar:/home/andrea/.m2/repository/io/smallrye/jandex/3.2.0/jandex-3.2.0.jar:/home/andrea/.m2/repository/com/fasterxml/classmate/1.7.0/classmate-1.7.0.jar:/home/andrea/.m2/repository/net/bytebuddy/byte-buddy/1.15.10/byte-buddy-1.15.10.jar:/home/andrea/.m2/repository/org/glassfish/jaxb/jaxb-runtime/4.0.5/jaxb-runtime-4.0.5.jar:/home/andrea/.m2/repository/org/glassfish/jaxb/jaxb-core/4.0.5/jaxb-core-4.0.5.jar:/home/andrea/.m2/repository/org/eclipse/angus/angus-activation/2.0.2/angus-activation-2.0.2.jar:/home/andrea/.m2/repository/org/glassfish/jaxb/txw2/4.0.5/txw2-4.0.5.jar:/home/andrea/.m2/repository/com/sun/istack/istack-commons-runtime/4.1.2/istack-commons-runtime-4.1.2.jar:/home/andrea/.m2/repository/jakarta/inject/jakarta.inject-api/2.0.1/jakarta.inject-api-2.0.1.jar:/home/andrea/.m2/repository/org/antlr/antlr4-runtime/4.13.0/antlr4-runtime-4.13.0.jar:/home/andrea/.m2/repository/org/springframework/data/spring-data-jpa/3.4.0/spring-data-jpa-3.4.0.jar:/home/andrea/.m2/repository/org/springframework/data/spring-data-commons/3.4.0/spring-data-commons-3.4.0.jar:/home/andrea/.m2/repository/org/springframework/spring-orm/6.2.0/spring-orm-6.2.0.jar:/home/andrea/.m2/repository/org/springframework/spring-context/6.2.0/spring-context-6.2.0.jar:/home/andrea/.m2/repository/org/springframework/spring-tx/6.2.0/spring-tx-6.2.0.jar:/home/andrea/.m2/repository/org/springframework/spring-beans/6.2.0/spring-beans-6.2.0.jar:/home/andrea/.m2/repository/org/slf4j/slf4j-api/2.0.16/slf4j-api-2.0.16.jar:/home/andrea/.m2/repository/org/springframework/spring-aspects/6.2.0/spring-aspects-6.2.0.jar:/home/andrea/.m2/repository/org/aspectj/aspectjweaver/1.9.22.1/aspectjweaver-1.9.22.1.jar:/home/andrea/.m2/repository/org/springframework/boot/spring-boot-starter-web/3.4.0/spring-boot-starter-web-3.4.0.jar:/home/andrea/.m2/repository/org/springframework/boot/spring-boot-starter-json/3.4.0/spring-boot-starter-json-3.4.0.jar:/home/andrea/.m2/repository/com/fasterxml/jackson/datatype/jackson-datatype-jdk8/2.18.1/jackson-datatype-jdk8-2.18.1.jar:/home/andrea/.m2/repository/com/fasterxml/jackson/datatype/jackson-datatype-jsr310/2.18.1/jackson-datatype-jsr310-2.18.1.jar:/home/andrea/.m2/repository/com/fasterxml/jackson/module/jackson-module-parameter-names/2.18.1/jackson-module-parameter-names-2.18.1.jar:/home/andrea/.m2/repository/org/springframework/boot/spring-boot-starter-tomcat/3.4.0/spring-boot-starter-tomcat-3.4.0.jar:/home/andrea/.m2/repository/org/apache/tomcat/embed/tomcat-embed-core/10.1.33/tomcat-embed-core-10.1.33.jar:/home/andrea/.m2/repository/org/apache/tomcat/embed/tomcat-embed-el/10.1.33/tomcat-embed-el-10.1.33.jar:/home/andrea/.m2/repository/org/apache/tomcat/embed/tomcat-embed-websocket/10.1.33/tomcat-embed-websocket-10.1.33.jar:/home/andrea/.m2/repository/org/springframework/spring-web/6.2.0/spring-web-6.2.0.jar:/home/andrea/.m2/repository/io/micrometer/micrometer-observation/1.14.1/micrometer-observation-1.14.1.jar:/home/andrea/.m2/repository/io/micrometer/micrometer-commons/1.14.1/micrometer-commons-1.14.1.jar:/home/andrea/.m2/repository/org/springframework/spring-webmvc/6.2.0/spring-webmvc-6.2.0.jar:/home/andrea/.m2/repository/org/springframework/spring-expression/6.2.0/spring-expression-6.2.0.jar:/home/andrea/.m2/repository/org/projectlombok/lombok/1.18.36/lombok-1.18.36.jar:/home/andrea/.m2/repository/org/springframework/boot/spring-boot-starter-test/3.4.0/spring-boot-starter-test-3.4.0.jar:/home/andrea/.m2/repository/org/springframework/boot/spring-boot-test/3.4.0/spring-boot-test-3.4.0.jar:/home/andrea/.m2/repository/org/springframework/boot/spring-boot-test-autoconfigure/3.4.0/spring-boot-test-autoconfigure-3.4.0.jar:/home/andrea/.m2/repository/com/jayway/jsonpath/json-path/2.9.0/json-path-2.9.0.jar:/home/andrea/.m2/repository/jakarta/xml/bind/jakarta.xml.bind-api/4.0.2/jakarta.xml.bind-api-4.0.2.jar:/home/andrea/.m2/repository/jakarta/activation/jakarta.activation-api/2.1.3/jakarta.activation-api-2.1.3.jar:/home/andrea/.m2/repository/net/minidev/json-smart/2.5.1/json-smart-2.5.1.jar:/home/andrea/.m2/repository/net/minidev/accessors-smart/2.5.1/accessors-smart-2.5.1.jar:/home/andrea/.m2/repository/org/ow2/asm/asm/9.6/asm-9.6.jar:/home/andrea/.m2/repository/org/assertj/assertj-core/3.26.3/assertj-core-3.26.3.jar:/home/andrea/.m2/repository/org/awaitility/awaitility/4.2.2/awaitility-4.2.2.jar:/home/andrea/.m2/repository/org/hamcrest/hamcrest/2.2/hamcrest-2.2.jar:/home/andrea/.m2/repository/org/junit/jupiter/junit-jupiter/5.11.3/junit-jupiter-5.11.3.jar:/home/andrea/.m2/repository/org/junit/jupiter/junit-jupiter-api/5.11.3/junit-jupiter-api-5.11.3.jar:/home/andrea/.m2/repository/org/opentest4j/opentest4j/1.3.0/opentest4j-1.3.0.jar:/home/andrea/.m2/repository/org/junit/platform/junit-platform-commons/1.11.3/junit-platform-commons-1.11.3.jar:/home/andrea/.m2/repository/org/apiguardian/apiguardian-api/1.1.2/apiguardian-api-1.1.2.jar:/home/andrea/.m2/repository/org/junit/jupiter/junit-jupiter-params/5.11.3/junit-jupiter-params-5.11.3.jar:/home/andrea/.m2/repository/org/junit/jupiter/junit-jupiter-engine/5.11.3/junit-jupiter-engine-5.11.3.jar:/home/andrea/.m2/repository/org/junit/platform/junit-platform-engine/1.11.3/junit-platform-engine-1.11.3.jar:/home/andrea/.m2/repository/org/mockito/mockito-core/5.14.2/mockito-core-5.14.2.jar:/home/andrea/.m2/repository/net/bytebuddy/byte-buddy-agent/1.15.10/byte-buddy-agent-1.15.10.jar:/home/andrea/.m2/repository/org/objenesis/objenesis/3.3/objenesis-3.3.jar:/home/andrea/.m2/repository/org/mockito/mockito-junit-jupiter/5.14.2/mockito-junit-jupiter-5.14.2.jar:/home/andrea/.m2/repository/org/skyscreamer/jsonassert/1.5.3/jsonassert-1.5.3.jar:/home/andrea/.m2/repository/com/vaadin/external/google/android-json/0.0.20131108.vaadin1/android-json-0.0.20131108.vaadin1.jar:/home/andrea/.m2/repository/org/springframework/spring-core/6.2.0/spring-core-6.2.0.jar:/home/andrea/.m2/repository/org/springframework/spring-jcl/6.2.0/spring-jcl-6.2.0.jar:/home/andrea/.m2/repository/org/springframework/spring-test/6.2.0/spring-test-6.2.0.jar:/home/andrea/.m2/repository/org/xmlunit/xmlunit-core/2.10.0/xmlunit-core-2.10.0.jar:/home/andrea/.m2/repository/com/mysql/mysql-connector-j/8.0.33/mysql-connector-j-8.0.33.jar:/home/andrea/.m2/repository/com/h2database/h2/2.3.232/h2-2.3.232.jar:/home/andrea/.m2/repository/com/auth0/java-jwt/4.4.0/java-jwt-4.4.0.jar:/home/andrea/.m2/repository/com/fasterxml/jackson/core/jackson-databind/2.18.1/jackson-databind-2.18.1.jar:/home/andrea/.m2/repository/com/fasterxml/jackson/core/jackson-annotations/2.18.1/jackson-annotations-2.18.1.jar:/home/andrea/.m2/repository/com/fasterxml/jackson/core/jackson-core/2.18.1/jackson-core-2.18.1.jar:/home/andrea/.m2/repository/org/springframework/security/spring-security-crypto/6.3.5/spring-security-crypto-6.3.5.jar:/home/andrea/.m2/repository/org/springframework/boot/spring-boot-starter-security/3.4.1/spring-boot-starter-security-3.4.1.jar:/home/andrea/.m2/repository/org/springframework/spring-aop/6.2.0/spring-aop-6.2.0.jar:/home/andrea/.m2/repository/org/springframework/security/spring-security-config/6.4.1/spring-security-config-6.4.1.jar:/home/andrea/.m2/repository/org/springframework/security/spring-security-core/6.4.1/spring-security-core-6.4.1.jar:/home/andrea/.m2/repository/org/springframework/security/spring-security-web/6.4.1/spring-security-web-6.4.1.jar:/home/andrea/.m2/repository/jakarta/validation/jakarta.validation-api/3.1.0/jakarta.validation-api-3.1.0.jar:/home/andrea/.m2/repository/junit/junit/4.13.2/junit-4.13.2.jar:/home/andrea/.m2/repository/org/hamcrest/hamcrest-core/2.2/hamcrest-core-2.2.jar:/home/andrea/.m2/repository/org/mapstruct/mapstruct/1.6.3/mapstruct-1.6.3.jar:"/>
    <property name="sun.cpu.endian" value="little"/>
    <property name="user.home" value="/home/andrea"/>
    <property name="user.language" value="it"/>
    <property name="java.specification.vendor" value="Oracle Corporation"/>
    <property name="java.version.date" value="2025-01-21"/>
    <property name="java.home" value="/usr/lib/jvm/java-21-openjdk"/>
    <property name="file.separator" value="/"/>
    <property name="basedir" value="/home/andrea/IdeaProjects/SiteCercolaFiorvante"/>
    <property name="java.vm.compressedOopsMode" value="Zero based"/>
    <property name="line.separator" value="&#10;"/>
    <property name="java.vm.specification.vendor" value="Oracle Corporation"/>
    <property name="java.specification.name" value="Java Platform API Specification"/>
    <property name="FILE_LOG_CHARSET" value="UTF-8"/>
    <property name="java.awt.headless" value="true"/>
    <property name="surefire.real.class.path" value="/home/andrea/IdeaProjects/SiteCercolaFiorvante/target/surefire/surefirebooter-20250403190116835_3.jar"/>
    <property name="sun.management.compiler" value="HotSpot 64-Bit Tiered Compilers"/>
    <property name="java.runtime.version" value="21.0.6+7"/>
    <property name="user.name" value="andrea"/>
    <property name="stdout.encoding" value="UTF-8"/>
    <property name="path.separator" value=":"/>
    <property name="os.version" value="6.13.9-200.fc41.x86_64"/>
    <property name="java.runtime.name" value="OpenJDK Runtime Environment"/>
    <property name="file.encoding" value="UTF-8"/>
    <property name="java.vm.name" value="OpenJDK 64-Bit Server VM"/>
    <property name="java.vendor.version" value="(Red_Hat-21.0.6.0.7-1)"/>
    <property name="localRepository" value="/home/andrea/.m2/repository"/>
    <property name="java.vendor.url.bug" value="https://bugzilla.redhat.com/enter_bug.cgi?product=Fedora&amp;component=java-21-openjdk&amp;version=40"/>
    <property name="java.io.tmpdir" value="/tmp"/>
    <property name="com.zaxxer.hikari.pool_number" value="1"/>
    <property name="java.version" value="21.0.6"/>
    <property name="user.dir" value="/home/andrea/IdeaProjects/SiteCercolaFiorvante"/>
    <property name="os.arch" value="amd64"/>
    <property name="java.vm.specification.name" value="Java Virtual Machine Specification"/>
    <property name="PID" value="8526"/>
    <property name="CONSOLE_LOG_CHARSET" value="UTF-8"/>
    <property name="native.encoding" value="UTF-8"/>
    <property name="java.library.path" value="/usr/java/packages/lib:/usr/lib64:/lib64:/lib:/usr/lib"/>
    <property name="java.vm.info" value="mixed mode, sharing"/>
    <property name="stderr.encoding" value="UTF-8"/>
    <property name="java.vendor" value="Red Hat, Inc."/>
    <property name="java.vm.version" value="21.0.6+7"/>
    <property name="sun.io.unicode.encoding" value="UnicodeLittle"/>
    <property name="java.class.version" value="65.0"/>
    <property name="LOGGED_APPLICATION_NAME" value="[SiteCercolaFioravante] "/>
  </properties>
  <testcase name="findReservationsByLocalDateTest" classname="com.example.SiteCercolaFioravante.repository_tests.ReservationRepositoryTest" time="0.08">
    <system-out><![CDATA[2025-04-03T19:01:27.607+02:00  INFO 8526 --- [SiteCercolaFioravante] [           main] t.c.s.AnnotationConfigContextLoaderUtils : Could not detect default configuration classes for test class [com.example.SiteCercolaFioravante.repository_tests.ReservationRepositoryTest]: ReservationRepositoryTest does not declare any static, non-private, non-final, nested classes annotated with @Configuration.
2025-04-03T19:01:27.625+02:00  INFO 8526 --- [SiteCercolaFioravante] [           main] .b.t.c.SpringBootTestContextBootstrapper : Found @SpringBootConfiguration com.example.SiteCercolaFioravante.SiteCercolaFioravanteApplication for test class com.example.SiteCercolaFioravante.repository_tests.ReservationRepositoryTest
Hibernate: 
    select
        d1_0."date",
        d1_0."is_available",
        r1_0."day_date",
        r1_0."id",
        r1_0."customer_id",
        c1_0."id",
        c1_0."email",
        c1_0."name",
        c1_0."password",
        c1_0."phone_number",
        c1_0."role",
        c1_0."surname",
        c1_0."token_registration",
        r1_0."hour",
        r1_0."is_completed",
        r1_0."is_deletable",
        r1_0."service_id",
        s1_0."id",
        s1_0."description",
        s1_0."first_image",
        s1_0."price",
        s1_0."service_name" 
    from
        "day" d1_0 
    left join
        "reservation" r1_0 
            on d1_0."date"=r1_0."day_date" 
    left join
        "customer" c1_0 
            on c1_0."id"=r1_0."customer_id" 
    left join
        "service" s1_0 
            on s1_0."id"=r1_0."service_id" 
    where
        d1_0."date"=?
Hibernate: 
    insert 
    into
        "day"
        ("is_available", "date") 
    values
        (?, ?)
Hibernate: 
    insert 
    into
        "day_occupied_hour"
        ("day_date", "occupied_hour") 
    values
        (?, ?)
Hibernate: 
    select
        next value for "service_seq"
Hibernate: 
    insert 
    into
        "service"
        ("description", "first_image", "price", "service_name", "id") 
    values
        (?, ?, ?, ?, ?)
Hibernate: 
    insert 
    into
        "customer"
        ("email", "name", "password", "phone_number", "role", "surname", "token_registration", "id") 
    values
        (?, ?, ?, ?, ?, ?, ?, ?)
Hibernate: 
    select
        d1_0."date",
        d1_0."is_available" 
    from
        "day" d1_0 
    where
        d1_0."date"=?
Hibernate: 
    select
        s1_0."id",
        s1_0."description",
        s1_0."first_image",
        s1_0."price",
        s1_0."service_name" 
    from
        "service" s1_0 
    where
        s1_0."service_name"=?
Hibernate: 
    select
        c1_0."id",
        c1_0."email",
        c1_0."name",
        c1_0."password",
        c1_0."phone_number",
        c1_0."role",
        c1_0."surname",
        c1_0."token_registration" 
    from
        "customer" c1_0 
    where
        c1_0."email"=?
Hibernate: 
    select
        next value for "reservation_seq"
Hibernate: 
    select
        null,
        d1_0."is_available" 
    from
        "day" d1_0 
    where
        d1_0."date"=?
Hibernate: 
    insert 
    into
        "reservation"
        ("customer_id", "day_date", "hour", "is_completed", "is_deletable", "service_id", "id") 
    values
        (?, ?, ?, ?, ?, ?, ?)
Hibernate: 
    select
        r1_0."day_date",
        s1_0."service_name",
        c1_0."name",
        c1_0."surname",
        r1_0."hour" 
    from
        "reservation" r1_0 
    join
        "service" s1_0 
            on s1_0."id"=r1_0."service_id" 
    join
        "customer" c1_0 
            on c1_0."id"=r1_0."customer_id" 
    where
        r1_0."day_date"=?
]]></system-out>
  </testcase>
  <testcase name="findReservationsByUserNameAndSurnameTest" classname="com.example.SiteCercolaFioravante.repository_tests.ReservationRepositoryTest" time="0.05">
    <system-out><![CDATA[Hibernate: 
    select
        d1_0."date",
        d1_0."is_available",
        r1_0."day_date",
        r1_0."id",
        r1_0."customer_id",
        c1_0."id",
        c1_0."email",
        c1_0."name",
        c1_0."password",
        c1_0."phone_number",
        c1_0."role",
        c1_0."surname",
        c1_0."token_registration",
        r1_0."hour",
        r1_0."is_completed",
        r1_0."is_deletable",
        r1_0."service_id",
        s1_0."id",
        s1_0."description",
        s1_0."first_image",
        s1_0."price",
        s1_0."service_name" 
    from
        "day" d1_0 
    left join
        "reservation" r1_0 
            on d1_0."date"=r1_0."day_date" 
    left join
        "customer" c1_0 
            on c1_0."id"=r1_0."customer_id" 
    left join
        "service" s1_0 
            on s1_0."id"=r1_0."service_id" 
    where
        d1_0."date"=?
Hibernate: 
    insert 
    into
        "day"
        ("is_available", "date") 
    values
        (?, ?)
Hibernate: 
    insert 
    into
        "day_occupied_hour"
        ("day_date", "occupied_hour") 
    values
        (?, ?)
Hibernate: 
    select
        next value for "service_seq"
Hibernate: 
    insert 
    into
        "service"
        ("description", "first_image", "price", "service_name", "id") 
    values
        (?, ?, ?, ?, ?)
Hibernate: 
    insert 
    into
        "customer"
        ("email", "name", "password", "phone_number", "role", "surname", "token_registration", "id") 
    values
        (?, ?, ?, ?, ?, ?, ?, ?)
Hibernate: 
    select
        d1_0."date",
        d1_0."is_available" 
    from
        "day" d1_0 
    where
        d1_0."date"=?
Hibernate: 
    select
        s1_0."id",
        s1_0."description",
        s1_0."first_image",
        s1_0."price",
        s1_0."service_name" 
    from
        "service" s1_0 
    where
        s1_0."service_name"=?
Hibernate: 
    select
        c1_0."id",
        c1_0."email",
        c1_0."name",
        c1_0."password",
        c1_0."phone_number",
        c1_0."role",
        c1_0."surname",
        c1_0."token_registration" 
    from
        "customer" c1_0 
    where
        c1_0."email"=?
Hibernate: 
    select
        next value for "reservation_seq"
Hibernate: 
    select
        null,
        d1_0."is_available" 
    from
        "day" d1_0 
    where
        d1_0."date"=?
Hibernate: 
    insert 
    into
        "reservation"
        ("customer_id", "day_date", "hour", "is_completed", "is_deletable", "service_id", "id") 
    values
        (?, ?, ?, ?, ?, ?, ?)
Hibernate: 
    select
        r1_0."day_date",
        s1_0."service_name",
        c1_0."name",
        c1_0."surname",
        r1_0."hour" 
    from
        "reservation" r1_0 
    join
        "service" s1_0 
            on s1_0."id"=r1_0."service_id" 
    join
        "customer" c1_0 
            on c1_0."id"=r1_0."customer_id" 
    where
        (
            c1_0."name" like ? escape ''
        ) 
        or (
            c1_0."surname" like ? escape ''
        )
]]></system-out>
  </testcase>
  <testcase name="findReservationsByServiceNameTest" classname="com.example.SiteCercolaFioravante.repository_tests.ReservationRepositoryTest" time="0.058">
    <system-out><![CDATA[Hibernate: 
    select
        d1_0."date",
        d1_0."is_available",
        r1_0."day_date",
        r1_0."id",
        r1_0."customer_id",
        c1_0."id",
        c1_0."email",
        c1_0."name",
        c1_0."password",
        c1_0."phone_number",
        c1_0."role",
        c1_0."surname",
        c1_0."token_registration",
        r1_0."hour",
        r1_0."is_completed",
        r1_0."is_deletable",
        r1_0."service_id",
        s1_0."id",
        s1_0."description",
        s1_0."first_image",
        s1_0."price",
        s1_0."service_name" 
    from
        "day" d1_0 
    left join
        "reservation" r1_0 
            on d1_0."date"=r1_0."day_date" 
    left join
        "customer" c1_0 
            on c1_0."id"=r1_0."customer_id" 
    left join
        "service" s1_0 
            on s1_0."id"=r1_0."service_id" 
    where
        d1_0."date"=?
Hibernate: 
    insert 
    into
        "day"
        ("is_available", "date") 
    values
        (?, ?)
Hibernate: 
    insert 
    into
        "day_occupied_hour"
        ("day_date", "occupied_hour") 
    values
        (?, ?)
Hibernate: 
    insert 
    into
        "service"
        ("description", "first_image", "price", "service_name", "id") 
    values
        (?, ?, ?, ?, ?)
Hibernate: 
    insert 
    into
        "customer"
        ("email", "name", "password", "phone_number", "role", "surname", "token_registration", "id") 
    values
        (?, ?, ?, ?, ?, ?, ?, ?)
Hibernate: 
    select
        d1_0."date",
        d1_0."is_available" 
    from
        "day" d1_0 
    where
        d1_0."date"=?
Hibernate: 
    select
        s1_0."id",
        s1_0."description",
        s1_0."first_image",
        s1_0."price",
        s1_0."service_name" 
    from
        "service" s1_0 
    where
        s1_0."service_name"=?
Hibernate: 
    select
        c1_0."id",
        c1_0."email",
        c1_0."name",
        c1_0."password",
        c1_0."phone_number",
        c1_0."role",
        c1_0."surname",
        c1_0."token_registration" 
    from
        "customer" c1_0 
    where
        c1_0."email"=?
Hibernate: 
    select
        null,
        d1_0."is_available" 
    from
        "day" d1_0 
    where
        d1_0."date"=?
Hibernate: 
    insert 
    into
        "reservation"
        ("customer_id", "day_date", "hour", "is_completed", "is_deletable", "service_id", "id") 
    values
        (?, ?, ?, ?, ?, ?, ?)
Hibernate: 
    select
        r1_0."day_date",
        s1_0."service_name",
        c1_0."name",
        c1_0."surname",
        r1_0."hour" 
    from
        "reservation" r1_0 
    join
        "service" s1_0 
            on s1_0."id"=r1_0."service_id" 
    join
        "customer" c1_0 
            on c1_0."id"=r1_0."customer_id" 
    where
        s1_0."service_name"=?
Hibernate: 
    select
        r1_0."day_date",
        s1_0."service_name",
        c1_0."name",
        c1_0."surname",
        r1_0."hour" 
    from
        "reservation" r1_0 
    join
        "service" s1_0 
            on s1_0."id"=r1_0."service_id" 
    join
        "customer" c1_0 
            on c1_0."id"=r1_0."customer_id" 
    where
        s1_0."service_name"=?
]]></system-out>
  </testcase>
</testsuite>